Using pre-set license
Built from 'HEAD' branch; Version is '2020.3.42f1c1 (b85f4368f10f) revision 12083011'; Using compiler version '192528614'; Build Type 'Release'
OS: 'Windows 10  (10.0.19045) 64bit CoreCountrySpecific' Language: 'zh' Physical Memory: 16291 MB
BatchMode: 1, IsHumanControllingUs: 0, StartBugReporterOnCrash: 0, Is64bit: 1, IsPro: 0

COMMAND LINE ARGUMENTS:
S:\Unity\Editor\2020.3.42f1c1\Editor\Unity.exe
-adb2
-batchMode
-noUpm
-name
AssetImportWorker0
-projectPath
F:/UnityProjects/LearnXlua
-logFile
Logs/AssetImportWorker0.log
-srvPort
9087
Successfully changed project path to: F:/UnityProjects/LearnXlua
F:/UnityProjects/LearnXlua
Using Asset Import Pipeline V2.
AS: AutoStreaming module initializing.Refreshing native plugins compatible for Editor in 33.97 ms, found 3 plugins.
Preloading 0 native plugins for Editor in 0.00 ms.
Initialize engine version: 2020.3.42f1c1 (b85f4368f10f)
[Subsystems] Discovering subsystems at path S:/Unity/Editor/2020.3.42f1c1/Editor/Data/Resources/UnitySubsystems
[Subsystems] Discovering subsystems at path F:/UnityProjects/LearnXlua/Assets
GfxDevice: creating device client; threaded=0
Direct3D:
    Version:  Direct3D 11.0 [level 11.1]
    Renderer: NVIDIA GeForce RTX 2060 (ID=0x1f15)
    Vendor:   
    VRAM:     5968 MB
    Driver:   31.0.15.2756
Initialize mono
Mono path[0] = 'S:/Unity/Editor/2020.3.42f1c1/Editor/Data/Managed'
Mono path[1] = 'S:/Unity/Editor/2020.3.42f1c1/Editor/Data/MonoBleedingEdge/lib/mono/unityjit'
Mono config path = 'S:/Unity/Editor/2020.3.42f1c1/Editor/Data/MonoBleedingEdge/etc'
Using monoOptions --debugger-agent=transport=dt_socket,embedding=1,server=y,suspend=n,address=127.0.0.1:56644
Begin MonoManager ReloadAssembly
Registering precompiled unity dll's ...
Register platform support module: S:/Unity/Editor/2020.3.42f1c1/Editor/Data/PlaybackEngines/WindowsStandaloneSupport/UnityEditor.WindowsStandalone.Extensions.dll
Registered in 0.001071 seconds.
Native extension for WindowsStandalone target not found
Refreshing native plugins compatible for Editor in 31.27 ms, found 3 plugins.
Preloading 0 native plugins for Editor in 0.00 ms.
Mono: successfully reloaded assembly
- Completed reload, in  0.496 seconds
Domain Reload Profiling:
	ReloadAssembly (496ms)
		BeginReloadAssembly (61ms)
			ExecutionOrderSort (0ms)
			DisableScriptedObjects (0ms)
			BackupInstance (0ms)
			ReleaseScriptingObjects (0ms)
			CreateAndSetChildDomain (1ms)
		EndReloadAssembly (379ms)
			LoadAssemblies (60ms)
			RebuildTransferFunctionScriptingTraits (0ms)
			SetupTypeCache (129ms)
			ReleaseScriptCaches (0ms)
			RebuildScriptCaches (30ms)
			SetupLoadedEditorAssemblies (142ms)
				LogAssemblyErrors (0ms)
				InitializePlatformSupportModulesInManaged (4ms)
				SetLoadedEditorAssemblies (0ms)
				RefreshPlugins (31ms)
				BeforeProcessingInitializeOnLoad (12ms)
				ProcessInitializeOnLoadAttributes (71ms)
				ProcessInitializeOnLoadMethodAttributes (24ms)
				AfterProcessingInitializeOnLoad (0ms)
				EditorAssembliesLoaded (0ms)
			ExecutionOrderSort2 (0ms)
			AwakeInstancesAfterBackupRestoration (0ms)
Platform modules already initialized, skipping
Registering precompiled user dll's ...
Registered in 0.002220 seconds.
Begin MonoManager ReloadAssembly
Native extension for WindowsStandalone target not found
Refreshing native plugins compatible for Editor in 0.56 ms, found 3 plugins.
Preloading 0 native plugins for Editor in 0.00 ms.
Mono: successfully reloaded assembly
- Completed reload, in  0.872 seconds
Domain Reload Profiling:
	ReloadAssembly (873ms)
		BeginReloadAssembly (137ms)
			ExecutionOrderSort (0ms)
			DisableScriptedObjects (4ms)
			BackupInstance (0ms)
			ReleaseScriptingObjects (0ms)
			CreateAndSetChildDomain (17ms)
		EndReloadAssembly (689ms)
			LoadAssemblies (87ms)
			RebuildTransferFunctionScriptingTraits (0ms)
			SetupTypeCache (242ms)
			ReleaseScriptCaches (0ms)
			RebuildScriptCaches (44ms)
			SetupLoadedEditorAssemblies (262ms)
				LogAssemblyErrors (0ms)
				InitializePlatformSupportModulesInManaged (4ms)
				SetLoadedEditorAssemblies (0ms)
				RefreshPlugins (1ms)
				BeforeProcessingInitializeOnLoad (73ms)
				ProcessInitializeOnLoadAttributes (169ms)
				ProcessInitializeOnLoadMethodAttributes (13ms)
				AfterProcessingInitializeOnLoad (2ms)
				EditorAssembliesLoaded (0ms)
			ExecutionOrderSort2 (0ms)
			AwakeInstancesAfterBackupRestoration (2ms)
Platform modules already initialized, skipping
========================================================================
Worker process is ready to serve import requests
Launched and connected shader compiler UnityShaderCompiler.exe after 0.04 seconds
Refreshing native plugins compatible for Editor in 0.40 ms, found 3 plugins.
Preloading 0 native plugins for Editor in 0.00 ms.
Unloading 1606 Unused Serialized files (Serialized files now loaded: 0)
System memory in use before: 73.6 MB.
System memory in use after: 73.6 MB.

Unloading 33 unused Assets to reduce memory usage. Loaded Objects now: 2029.
Total: 2.383600 ms (FindLiveObjects: 0.122900 ms CreateObjectMapping: 0.051700 ms MarkObjects: 2.133800 ms  DeleteObjects: 0.074300 ms)

AssetImportParameters requested are different than current active one (requested -> active):
  custom:framework-win-MediaFoundation: 216162199b28c13a410421893ffa2e32 -> 
  custom:video-decoder-ogg-theora: a1e56fd34408186e4bbccfd4996cb3dc -> 
  custom:container-muxer-webm: aa71ff27fc2769a1b78a27578f13a17b -> 
  custom:container-demuxer-webm: 4f35f7cbe854078d1ac9338744f61a02 -> 
  custom:container-demuxer-ogg: 62fdf1f143b41e24485cea50d1cbac27 -> 
  custom:video-encoder-webm-vp8: eb34c28f22e8b96e1ab97ce403110664 -> 
  custom:video-decoder-webm-vp8: 9c59270c3fd7afecdb556c50c9e8de78 -> 
  custom:audio-decoder-ogg-vorbis: bf7c407c2cedff20999df2af8eb42d56 -> 
  custom:audio-encoder-webm-vorbis: bf7c407c2cedff20999df2af8eb42d56 -> 
========================================================================
Received Import Request.
  path: Assets/XLua/Examples/07_AsyncTest/Resources/message_box.lua.txt
  artifactKey: Guid(8cdad601850bd814c9a22efaff55928f) Importer(815301076,1909f56bfc062723c751e8b465ee728b)
Start importing Assets/XLua/Examples/07_AsyncTest/Resources/message_box.lua.txt using Guid(8cdad601850bd814c9a22efaff55928f) Importer(815301076,1909f56bfc062723c751e8b465ee728b)  -> (artifact id: '2727537ebfd489e87eb7bbcb29e38783') in 0.044656 seconds 
========================================================================
Received Import Request.
  Time since last request: 19.169931 seconds.
  path: Assets/XLua/Examples/08_Hotfix/Editor/HotfixTestCfg.cs
  artifactKey: Guid(f5a751e2beef908429c5908d9e24696a) Importer(815301076,1909f56bfc062723c751e8b465ee728b)
Start importing Assets/XLua/Examples/08_Hotfix/Editor/HotfixTestCfg.cs using Guid(f5a751e2beef908429c5908d9e24696a) Importer(815301076,1909f56bfc062723c751e8b465ee728b)  -> (artifact id: '4b68106993503545eeb2a95aca573a61') in 0.008584 seconds 
========================================================================
Received Import Request.
  Time since last request: 5.455087 seconds.
  path: Assets/XLua/Examples/08_Hotfix/HotfixTest.unity
  artifactKey: Guid(71b8de6dc619ca64da460a7200f00b9c) Importer(815301076,1909f56bfc062723c751e8b465ee728b)
Start importing Assets/XLua/Examples/08_Hotfix/HotfixTest.unity using Guid(71b8de6dc619ca64da460a7200f00b9c) Importer(815301076,1909f56bfc062723c751e8b465ee728b)  -> (artifact id: 'c4cd58870ba813770005e05b56e97444') in 0.002532 seconds 
========================================================================
Received Import Request.
  Time since last request: 5.184979 seconds.
  path: Assets/XLua/Examples/08_Hotfix/HotfixTest2Settings.lighting
  artifactKey: Guid(9ee74ff8e554d2941aaf2080e4a41b6f) Importer(815301076,1909f56bfc062723c751e8b465ee728b)
Start importing Assets/XLua/Examples/08_Hotfix/HotfixTest2Settings.lighting using Guid(9ee74ff8e554d2941aaf2080e4a41b6f) Importer(815301076,1909f56bfc062723c751e8b465ee728b) LightingSettings: switching bake backend from 1 to 0.
 -> (artifact id: '163509503d66cc439c0a2246b37f2b85') in 0.005289 seconds 
========================================================================
Received Import Request.
  Time since last request: 1.144989 seconds.
  path: Assets/XLua/Examples/08_Hotfix/HotfixTest2.unity
  artifactKey: Guid(eb945840f7055384cbf1a3fb17903afe) Importer(815301076,1909f56bfc062723c751e8b465ee728b)
Start importing Assets/XLua/Examples/08_Hotfix/HotfixTest2.unity using Guid(eb945840f7055384cbf1a3fb17903afe) Importer(815301076,1909f56bfc062723c751e8b465ee728b)  -> (artifact id: 'a0c1f0a26e7650976235728b27d45a24') in 0.001325 seconds 
========================================================================
Received Prepare
Refreshing native plugins compatible for Editor in 5.15 ms, found 3 plugins.
Preloading 0 native plugins for Editor in 0.00 ms.
Unloading 26 Unused Serialized files (Serialized files now loaded: 0)
System memory in use before: 42.0 MB.
System memory in use after: 42.1 MB.

Unloading 26 unused Assets to reduce memory usage. Loaded Objects now: 2030.
Total: 2.798300 ms (FindLiveObjects: 0.125000 ms CreateObjectMapping: 0.070500 ms MarkObjects: 2.542800 ms  DeleteObjects: 0.059300 ms)

AssetImportParameters requested are different than current active one (requested -> active):
  custom:framework-win-MediaFoundation: 216162199b28c13a410421893ffa2e32 -> 
  custom:video-decoder-ogg-theora: a1e56fd34408186e4bbccfd4996cb3dc -> 
  custom:container-muxer-webm: aa71ff27fc2769a1b78a27578f13a17b -> 
  custom:container-demuxer-webm: 4f35f7cbe854078d1ac9338744f61a02 -> 
  custom:container-demuxer-ogg: 62fdf1f143b41e24485cea50d1cbac27 -> 
  custom:video-encoder-webm-vp8: eb34c28f22e8b96e1ab97ce403110664 -> 
  custom:video-decoder-webm-vp8: 9c59270c3fd7afecdb556c50c9e8de78 -> 
  custom:audio-decoder-ogg-vorbis: bf7c407c2cedff20999df2af8eb42d56 -> 
  custom:audio-encoder-webm-vorbis: bf7c407c2cedff20999df2af8eb42d56 -> 
========================================================================
Received Import Request.
  Time since last request: 8821.609111 seconds.
  path: Assets/XLua/Examples/09_GenericMethod/GenericMethodExample.cs
  artifactKey: Guid(ce77e35c083e6fe4c88cb64a97466161) Importer(815301076,1909f56bfc062723c751e8b465ee728b)
Start importing Assets/XLua/Examples/09_GenericMethod/GenericMethodExample.cs using Guid(ce77e35c083e6fe4c88cb64a97466161) Importer(815301076,1909f56bfc062723c751e8b465ee728b)  -> (artifact id: '1d858495dd4ccb732279c1cda494afa2') in 0.013326 seconds 
========================================================================
Received Import Request.
  Time since last request: 71.077798 seconds.
  path: Assets/XLua/Examples/06_Coroutine
  artifactKey: Guid(6a4f6da9af53d384d8228950f82ae562) Importer(815301076,1909f56bfc062723c751e8b465ee728b)
Start importing Assets/XLua/Examples/06_Coroutine using Guid(6a4f6da9af53d384d8228950f82ae562) Importer(815301076,1909f56bfc062723c751e8b465ee728b)  -> (artifact id: 'feb1d9a536a438d6a800cf26cab0afb6') in 0.009662 seconds 
========================================================================
Received Import Request.
  Time since last request: 9.290087 seconds.
  path: Assets/XLua/Examples/08_Hotfix
  artifactKey: Guid(08ebe6e4959b8c34aad49a439411e429) Importer(815301076,1909f56bfc062723c751e8b465ee728b)
Start importing Assets/XLua/Examples/08_Hotfix using Guid(08ebe6e4959b8c34aad49a439411e429) Importer(815301076,1909f56bfc062723c751e8b465ee728b)  -> (artifact id: '46790a874ef3166974ee428bc4eb24bd') in 0.001535 seconds 
========================================================================
Received Import Request.
  Time since last request: 265.415591 seconds.
  path: Assets/XLua/Examples/09_GenericMethod/GenericMethod.unity
  artifactKey: Guid(19477d725133da049be476cb4caedf7d) Importer(815301076,1909f56bfc062723c751e8b465ee728b)
Start importing Assets/XLua/Examples/09_GenericMethod/GenericMethod.unity using Guid(19477d725133da049be476cb4caedf7d) Importer(815301076,1909f56bfc062723c751e8b465ee728b)  -> (artifact id: '1c1c2ea789bfa862cb240eaaa1591c2e') in 0.001693 seconds 
========================================================================
Received Prepare
Registering precompiled user dll's ...
Registered in 0.002449 seconds.
Begin MonoManager ReloadAssembly
Native extension for WindowsStandalone target not found
Refreshing native plugins compatible for Editor in 0.42 ms, found 3 plugins.
Preloading 0 native plugins for Editor in 0.00 ms.
Mono: successfully reloaded assembly
- Completed reload, in  0.938 seconds
Domain Reload Profiling:
	ReloadAssembly (939ms)
		BeginReloadAssembly (182ms)
			ExecutionOrderSort (0ms)
			DisableScriptedObjects (11ms)
			BackupInstance (0ms)
			ReleaseScriptingObjects (0ms)
			CreateAndSetChildDomain (65ms)
		EndReloadAssembly (703ms)
			LoadAssemblies (105ms)
			RebuildTransferFunctionScriptingTraits (0ms)
			SetupTypeCache (247ms)
			ReleaseScriptCaches (1ms)
			RebuildScriptCaches (40ms)
			SetupLoadedEditorAssemblies (264ms)
				LogAssemblyErrors (0ms)
				InitializePlatformSupportModulesInManaged (4ms)
				SetLoadedEditorAssemblies (1ms)
				RefreshPlugins (0ms)
				BeforeProcessingInitializeOnLoad (71ms)
				ProcessInitializeOnLoadAttributes (172ms)
				ProcessInitializeOnLoadMethodAttributes (13ms)
				AfterProcessingInitializeOnLoad (2ms)
				EditorAssembliesLoaded (0ms)
			ExecutionOrderSort2 (0ms)
			AwakeInstancesAfterBackupRestoration (2ms)
Platform modules already initialized, skipping
Refreshing native plugins compatible for Editor in 0.47 ms, found 3 plugins.
Preloading 0 native plugins for Editor in 0.00 ms.
Unloading 1601 Unused Serialized files (Serialized files now loaded: 0)
System memory in use before: 73.5 MB.
System memory in use after: 73.6 MB.

Unloading 28 unused Assets to reduce memory usage. Loaded Objects now: 2033.
Total: 2.296200 ms (FindLiveObjects: 0.129500 ms CreateObjectMapping: 0.048300 ms MarkObjects: 2.057000 ms  DeleteObjects: 0.060700 ms)

AssetImportParameters requested are different than current active one (requested -> active):
  custom:framework-win-MediaFoundation: 216162199b28c13a410421893ffa2e32 -> 
  custom:video-decoder-ogg-theora: a1e56fd34408186e4bbccfd4996cb3dc -> 
  custom:container-muxer-webm: aa71ff27fc2769a1b78a27578f13a17b -> 
  custom:container-demuxer-webm: 4f35f7cbe854078d1ac9338744f61a02 -> 
  custom:container-demuxer-ogg: 62fdf1f143b41e24485cea50d1cbac27 -> 
  custom:video-encoder-webm-vp8: eb34c28f22e8b96e1ab97ce403110664 -> 
  custom:video-decoder-webm-vp8: 9c59270c3fd7afecdb556c50c9e8de78 -> 
  custom:audio-decoder-ogg-vorbis: bf7c407c2cedff20999df2af8eb42d56 -> 
  custom:audio-encoder-webm-vorbis: bf7c407c2cedff20999df2af8eb42d56 -> 
========================================================================
Received Import Request.
  Time since last request: 132.286791 seconds.
  path: Assets/XLua/Examples/09_GenericMethod
  artifactKey: Guid(0c2493fccdb6a2141933ed2ec5d4786b) Importer(815301076,1909f56bfc062723c751e8b465ee728b)
Start importing Assets/XLua/Examples/09_GenericMethod using Guid(0c2493fccdb6a2141933ed2ec5d4786b) Importer(815301076,1909f56bfc062723c751e8b465ee728b)  -> (artifact id: '7b350ffc409f1c92a680a8b67ce118ca') in 0.012073 seconds 
========================================================================
Received Import Request.
  Time since last request: 151.163126 seconds.
  path: Assets/XLua/Examples/10_SignatureLoader/SignatureLoaderTest.unity
  artifactKey: Guid(7bf24e9d2076ecd4ba65687e9d238c34) Importer(815301076,1909f56bfc062723c751e8b465ee728b)
Start importing Assets/XLua/Examples/10_SignatureLoader/SignatureLoaderTest.unity using Guid(7bf24e9d2076ecd4ba65687e9d238c34) Importer(815301076,1909f56bfc062723c751e8b465ee728b)  -> (artifact id: '7ff449080c9d116b56426d4db9704c06') in 0.001755 seconds 
========================================================================
Received Import Request.
  Time since last request: 9.582380 seconds.
  path: Assets/XLua/Examples/10_SignatureLoader/SignatureLoaderTest.cs
  artifactKey: Guid(552b1f9f9174fe446907357379f128b2) Importer(815301076,1909f56bfc062723c751e8b465ee728b)
Start importing Assets/XLua/Examples/10_SignatureLoader/SignatureLoaderTest.cs using Guid(552b1f9f9174fe446907357379f128b2) Importer(815301076,1909f56bfc062723c751e8b465ee728b)  -> (artifact id: '658ac10bef1f7d4b826eff932e7b5041') in 0.001370 seconds 
========================================================================
Received Prepare
Registering precompiled user dll's ...
Registered in 0.002619 seconds.
Begin MonoManager ReloadAssembly
Native extension for WindowsStandalone target not found
Refreshing native plugins compatible for Editor in 0.85 ms, found 3 plugins.
Preloading 0 native plugins for Editor in 0.00 ms.
Mono: successfully reloaded assembly
- Completed reload, in  0.839 seconds
Domain Reload Profiling:
	ReloadAssembly (839ms)
		BeginReloadAssembly (106ms)
			ExecutionOrderSort (0ms)
			DisableScriptedObjects (4ms)
			BackupInstance (0ms)
			ReleaseScriptingObjects (0ms)
			CreateAndSetChildDomain (27ms)
		EndReloadAssembly (685ms)
			LoadAssemblies (89ms)
			RebuildTransferFunctionScriptingTraits (0ms)
			SetupTypeCache (243ms)
			ReleaseScriptCaches (1ms)
			RebuildScriptCaches (40ms)
			SetupLoadedEditorAssemblies (255ms)
				LogAssemblyErrors (0ms)
				InitializePlatformSupportModulesInManaged (5ms)
				SetLoadedEditorAssemblies (1ms)
				RefreshPlugins (1ms)
				BeforeProcessingInitializeOnLoad (72ms)
				ProcessInitializeOnLoadAttributes (162ms)
				ProcessInitializeOnLoadMethodAttributes (12ms)
				AfterProcessingInitializeOnLoad (2ms)
				EditorAssembliesLoaded (0ms)
			ExecutionOrderSort2 (0ms)
			AwakeInstancesAfterBackupRestoration (2ms)
Platform modules already initialized, skipping
Refreshing native plugins compatible for Editor in 0.42 ms, found 3 plugins.
Preloading 0 native plugins for Editor in 0.00 ms.
Unloading 1601 Unused Serialized files (Serialized files now loaded: 0)
System memory in use before: 73.6 MB.
System memory in use after: 73.6 MB.

Unloading 28 unused Assets to reduce memory usage. Loaded Objects now: 2036.
Total: 2.236600 ms (FindLiveObjects: 0.137800 ms CreateObjectMapping: 0.057100 ms MarkObjects: 1.992800 ms  DeleteObjects: 0.048300 ms)

AssetImportParameters requested are different than current active one (requested -> active):
  custom:framework-win-MediaFoundation: 216162199b28c13a410421893ffa2e32 -> 
  custom:video-decoder-ogg-theora: a1e56fd34408186e4bbccfd4996cb3dc -> 
  custom:container-muxer-webm: aa71ff27fc2769a1b78a27578f13a17b -> 
  custom:container-demuxer-webm: 4f35f7cbe854078d1ac9338744f61a02 -> 
  custom:container-demuxer-ogg: 62fdf1f143b41e24485cea50d1cbac27 -> 
  custom:video-encoder-webm-vp8: eb34c28f22e8b96e1ab97ce403110664 -> 
  custom:video-decoder-webm-vp8: 9c59270c3fd7afecdb556c50c9e8de78 -> 
  custom:audio-decoder-ogg-vorbis: bf7c407c2cedff20999df2af8eb42d56 -> 
  custom:audio-encoder-webm-vorbis: bf7c407c2cedff20999df2af8eb42d56 -> 
========================================================================
Received Prepare
Registering precompiled user dll's ...
Registered in 0.002443 seconds.
Begin MonoManager ReloadAssembly
Native extension for WindowsStandalone target not found
Refreshing native plugins compatible for Editor in 0.53 ms, found 3 plugins.
Preloading 0 native plugins for Editor in 0.00 ms.
Mono: successfully reloaded assembly
- Completed reload, in  0.823 seconds
Domain Reload Profiling:
	ReloadAssembly (823ms)
		BeginReloadAssembly (104ms)
			ExecutionOrderSort (0ms)
			DisableScriptedObjects (5ms)
			BackupInstance (0ms)
			ReleaseScriptingObjects (0ms)
			CreateAndSetChildDomain (26ms)
		EndReloadAssembly (666ms)
			LoadAssemblies (88ms)
			RebuildTransferFunctionScriptingTraits (0ms)
			SetupTypeCache (230ms)
			ReleaseScriptCaches (1ms)
			RebuildScriptCaches (38ms)
			SetupLoadedEditorAssemblies (254ms)
				LogAssemblyErrors (0ms)
				InitializePlatformSupportModulesInManaged (4ms)
				SetLoadedEditorAssemblies (0ms)
				RefreshPlugins (1ms)
				BeforeProcessingInitializeOnLoad (67ms)
				ProcessInitializeOnLoadAttributes (165ms)
				ProcessInitializeOnLoadMethodAttributes (14ms)
				AfterProcessingInitializeOnLoad (2ms)
				EditorAssembliesLoaded (0ms)
			ExecutionOrderSort2 (0ms)
			AwakeInstancesAfterBackupRestoration (2ms)
Platform modules already initialized, skipping
Refreshing native plugins compatible for Editor in 0.45 ms, found 3 plugins.
Preloading 0 native plugins for Editor in 0.00 ms.
Unloading 1601 Unused Serialized files (Serialized files now loaded: 0)
System memory in use before: 73.6 MB.
System memory in use after: 73.7 MB.

Unloading 28 unused Assets to reduce memory usage. Loaded Objects now: 2039.
Total: 2.312800 ms (FindLiveObjects: 0.115600 ms CreateObjectMapping: 0.043700 ms MarkObjects: 2.091900 ms  DeleteObjects: 0.060900 ms)

AssetImportParameters requested are different than current active one (requested -> active):
  custom:framework-win-MediaFoundation: 216162199b28c13a410421893ffa2e32 -> 
  custom:video-decoder-ogg-theora: a1e56fd34408186e4bbccfd4996cb3dc -> 
  custom:container-muxer-webm: aa71ff27fc2769a1b78a27578f13a17b -> 
  custom:container-demuxer-webm: 4f35f7cbe854078d1ac9338744f61a02 -> 
  custom:container-demuxer-ogg: 62fdf1f143b41e24485cea50d1cbac27 -> 
  custom:video-encoder-webm-vp8: eb34c28f22e8b96e1ab97ce403110664 -> 
  custom:video-decoder-webm-vp8: 9c59270c3fd7afecdb556c50c9e8de78 -> 
  custom:audio-decoder-ogg-vorbis: bf7c407c2cedff20999df2af8eb42d56 -> 
  custom:audio-encoder-webm-vorbis: bf7c407c2cedff20999df2af8eb42d56 -> 
========================================================================
Received Import Request.
  Time since last request: 94.952275 seconds.
  path: Assets/XLua/Examples/11_RawObject
  artifactKey: Guid(7e8c24c5719ad6b4b8b2d9ecf19cfec7) Importer(815301076,1909f56bfc062723c751e8b465ee728b)
Start importing Assets/XLua/Examples/11_RawObject using Guid(7e8c24c5719ad6b4b8b2d9ecf19cfec7) Importer(815301076,1909f56bfc062723c751e8b465ee728b)  -> (artifact id: '352ac55db72e46ce37761af8ea214592') in 0.003733 seconds 
========================================================================
Received Import Request.
  Time since last request: 43.465131 seconds.
  path: Assets/XLua/Examples/ExampleGenConfig.cs
  artifactKey: Guid(62b967797782a6d46a759bf0693f7351) Importer(815301076,1909f56bfc062723c751e8b465ee728b)
Start importing Assets/XLua/Examples/ExampleGenConfig.cs using Guid(62b967797782a6d46a759bf0693f7351) Importer(815301076,1909f56bfc062723c751e8b465ee728b)  -> (artifact id: '500d3ac1da94d48345fcacd418989c44') in 0.001949 seconds 
AssetImportWorkerClient::OnTransportError - code=2 error=End of file
